<?xml version="1.0" encoding="UTF-8"?>
<!-- Generated by org.testng.reporters.JUnitReportReporter -->
<testsuite skipped="0" hostname="punee3147925-01" name="com.nagarro.Autothon.TestCases.TestCases_Ret_LoginPage" tests="2" failures="0" timestamp="28 Sep 2019 04:06:48 GMT" time="26.135" errors="0">
  <testcase name="TC01_verifyRetailersLogin_ValidUser" time="23.236" classname="com.nagarro.Autothon.TestCases.TestCases_Ret_LoginPage"/>
  <testcase name="TC03_verifyRetailersLogin_InValidUser" time="2.899" classname="com.nagarro.Autothon.TestCases.TestCases_Ret_LoginPage"/>
</testsuite> <!-- com.nagarro.Autothon.TestCases.TestCases_Ret_LoginPage -->
